[16:12:16] [ServerMain/INFO]: [bootstrap] Running Java 24 (Java HotSpot(TM) 64-Bit Server VM 24.0.1+9-30; Oracle Corporation null) on Windows 11 10.0 (amd64)
[16:12:16] [ServerMain/INFO]: [bootstrap] Loading Paper 1.21.8-14-main@9ccc51d (2025-07-26T20:00:09Z) for Minecraft 1.21.8
[16:12:17] [ServerMain/INFO]: [PluginInitializerManager] Initializing plugins...
[16:12:18] [ServerMain/WARN]: [MavenLibraryResolver] Use of Maven Central as a CDN is against the Maven Central Terms of Service. Use MavenLibraryResolver.MAVEN_CENTRAL_DEFAULT_MIRROR instead.
java.lang.RuntimeException: Plugin used Maven Central for library resolution
	at io.papermc.paper.plugin.loader.library.impl.MavenLibraryResolver.addRepository(MavenLibraryResolver.java:124) ~[paper-api-1.21.8-R0.1-SNAPSHOT.jar:?]
	at java.base/java.util.stream.ForEachOps$ForEachOp$OfRef.accept(ForEachOps.java:186) ~[?:?]
	at java.base/java.util.stream.ReferencePipeline$3$1.accept(ReferencePipeline.java:215) ~[?:?]
	at java.base/java.util.Iterator.forEachRemaining(Iterator.java:133) ~[?:?]
	at java.base/java.util.Spliterators$IteratorSpliterator.forEachRemaining(Spliterators.java:1939) ~[?:?]
	at java.base/java.util.stream.AbstractPipeline.copyInto(AbstractPipeline.java:570) ~[?:?]
	at java.base/java.util.stream.AbstractPipeline.wrapAndCopyInto(AbstractPipeline.java:560) ~[?:?]
	at java.base/java.util.stream.ForEachOps$ForEachOp.evaluateSequential(ForEachOps.java:153) ~[?:?]
	at java.base/java.util.stream.ForEachOps$ForEachOp$OfRef.evaluateSequential(ForEachOps.java:176) ~[?:?]
	at java.base/java.util.stream.AbstractPipeline.evaluate(AbstractPipeline.java:265) ~[?:?]
	at java.base/java.util.stream.ReferencePipeline.forEach(ReferencePipeline.java:636) ~[?:?]
	at veinminer-enchant-2.2.2.jar/de.miraculixx.veinminerEnchant.paper.VeinminerEnchantmentLoader.classloader(VeinminerEnchantmentLoader.java:27) ~[veinminer-enchant-2.2.2.jar:?]
	at io.papermc.paper.plugin.provider.type.paper.PaperPluginProviderFactory.build(PaperPluginProviderFactory.java:38) ~[paper-1.21.8.jar:1.21.8-14-9ccc51d]
	at io.papermc.paper.plugin.provider.type.paper.PaperPluginProviderFactory.build(PaperPluginProviderFactory.java:23) ~[paper-1.21.8.jar:1.21.8-14-9ccc51d]
	at io.papermc.paper.plugin.provider.type.PluginFileType.register(PluginFileType.java:72) ~[paper-1.21.8.jar:1.21.8-14-9ccc51d]
	at io.papermc.paper.plugin.provider.source.FileProviderSource.registerProviders(FileProviderSource.java:95) ~[paper-1.21.8.jar:1.21.8-14-9ccc51d]
	at io.papermc.paper.plugin.provider.source.DirectoryProviderSource.registerProviders(DirectoryProviderSource.java:52) ~[paper-1.21.8.jar:1.21.8-14-9ccc51d]
	at io.papermc.paper.plugin.provider.source.DirectoryProviderSource.registerProviders(DirectoryProviderSource.java:17) ~[paper-1.21.8.jar:1.21.8-14-9ccc51d]
	at io.papermc.paper.plugin.util.EntrypointUtil.registerProvidersFromSource(EntrypointUtil.java:15) ~[paper-1.21.8.jar:1.21.8-14-9ccc51d]
	at io.papermc.paper.plugin.PluginInitializerManager.load(PluginInitializerManager.java:113) ~[paper-1.21.8.jar:1.21.8-14-9ccc51d]
	at net.minecraft.server.Main.main(Main.java:112) ~[paper-1.21.8.jar:1.21.8-14-9ccc51d]
	at io.papermc.paper.PaperBootstrap.boot(PaperBootstrap.java:21) ~[paper-1.21.8.jar:1.21.8-14-9ccc51d]
	at org.bukkit.craftbukkit.Main.main(Main.java:242) ~[paper-1.21.8.jar:1.21.8-14-9ccc51d]
	at io.papermc.paperclip.Paperclip.lambda$main$0(Paperclip.java:42) ~[app:?]
	at java.base/java.lang.Thread.run(Thread.java:1447) ~[?:?]
[16:12:18] [ServerMain/WARN]: [MavenLibraryResolver] Use of Maven Central as a CDN is against the Maven Central Terms of Service. Use MavenLibraryResolver.MAVEN_CENTRAL_DEFAULT_MIRROR instead.
java.lang.RuntimeException: Plugin used Maven Central for library resolution
	at io.papermc.paper.plugin.loader.library.impl.MavenLibraryResolver.addRepository(MavenLibraryResolver.java:124) ~[paper-api-1.21.8-R0.1-SNAPSHOT.jar:?]
	at java.base/java.util.stream.ForEachOps$ForEachOp$OfRef.accept(ForEachOps.java:186) ~[?:?]
	at java.base/java.util.stream.ReferencePipeline$3$1.accept(ReferencePipeline.java:215) ~[?:?]
	at java.base/java.util.Iterator.forEachRemaining(Iterator.java:133) ~[?:?]
	at java.base/java.util.Spliterators$IteratorSpliterator.forEachRemaining(Spliterators.java:1939) ~[?:?]
	at java.base/java.util.stream.AbstractPipeline.copyInto(AbstractPipeline.java:570) ~[?:?]
	at java.base/java.util.stream.AbstractPipeline.wrapAndCopyInto(AbstractPipeline.java:560) ~[?:?]
	at java.base/java.util.stream.ForEachOps$ForEachOp.evaluateSequential(ForEachOps.java:153) ~[?:?]
	at java.base/java.util.stream.ForEachOps$ForEachOp$OfRef.evaluateSequential(ForEachOps.java:176) ~[?:?]
	at java.base/java.util.stream.AbstractPipeline.evaluate(AbstractPipeline.java:265) ~[?:?]
	at java.base/java.util.stream.ReferencePipeline.forEach(ReferencePipeline.java:636) ~[?:?]
	at veinminer-enchant-2.2.2.jar/de.miraculixx.veinminerEnchant.paper.VeinminerEnchantmentLoader.classloader(VeinminerEnchantmentLoader.java:27) ~[veinminer-enchant-2.2.2.jar:?]
	at io.papermc.paper.plugin.provider.type.paper.PaperPluginProviderFactory.build(PaperPluginProviderFactory.java:38) ~[paper-1.21.8.jar:1.21.8-14-9ccc51d]
	at io.papermc.paper.plugin.provider.type.paper.PaperPluginProviderFactory.build(PaperPluginProviderFactory.java:23) ~[paper-1.21.8.jar:1.21.8-14-9ccc51d]
	at io.papermc.paper.plugin.provider.type.PluginFileType.register(PluginFileType.java:72) ~[paper-1.21.8.jar:1.21.8-14-9ccc51d]
	at io.papermc.paper.plugin.provider.source.FileProviderSource.registerProviders(FileProviderSource.java:95) ~[paper-1.21.8.jar:1.21.8-14-9ccc51d]
	at io.papermc.paper.plugin.provider.source.DirectoryProviderSource.registerProviders(DirectoryProviderSource.java:52) ~[paper-1.21.8.jar:1.21.8-14-9ccc51d]
	at io.papermc.paper.plugin.provider.source.DirectoryProviderSource.registerProviders(DirectoryProviderSource.java:17) ~[paper-1.21.8.jar:1.21.8-14-9ccc51d]
	at io.papermc.paper.plugin.util.EntrypointUtil.registerProvidersFromSource(EntrypointUtil.java:15) ~[paper-1.21.8.jar:1.21.8-14-9ccc51d]
	at io.papermc.paper.plugin.PluginInitializerManager.load(PluginInitializerManager.java:113) ~[paper-1.21.8.jar:1.21.8-14-9ccc51d]
	at net.minecraft.server.Main.main(Main.java:112) ~[paper-1.21.8.jar:1.21.8-14-9ccc51d]
	at io.papermc.paper.PaperBootstrap.boot(PaperBootstrap.java:21) ~[paper-1.21.8.jar:1.21.8-14-9ccc51d]
	at org.bukkit.craftbukkit.Main.main(Main.java:242) ~[paper-1.21.8.jar:1.21.8-14-9ccc51d]
	at io.papermc.paperclip.Paperclip.lambda$main$0(Paperclip.java:42) ~[app:?]
	at java.base/java.lang.Thread.run(Thread.java:1447) ~[?:?]
[16:12:18] [ServerMain/WARN]: [MavenLibraryResolver] Use of Maven Central as a CDN is against the Maven Central Terms of Service. Use MavenLibraryResolver.MAVEN_CENTRAL_DEFAULT_MIRROR instead.
java.lang.RuntimeException: Plugin used Maven Central for library resolution
	at io.papermc.paper.plugin.loader.library.impl.MavenLibraryResolver.addRepository(MavenLibraryResolver.java:124) ~[paper-api-1.21.8-R0.1-SNAPSHOT.jar:?]
	at java.base/java.util.stream.ForEachOps$ForEachOp$OfRef.accept(ForEachOps.java:186) ~[?:?]
	at java.base/java.util.stream.ReferencePipeline$3$1.accept(ReferencePipeline.java:215) ~[?:?]
	at java.base/java.util.Iterator.forEachRemaining(Iterator.java:133) ~[?:?]
	at java.base/java.util.Spliterators$IteratorSpliterator.forEachRemaining(Spliterators.java:1939) ~[?:?]
	at java.base/java.util.stream.AbstractPipeline.copyInto(AbstractPipeline.java:570) ~[?:?]
	at java.base/java.util.stream.AbstractPipeline.wrapAndCopyInto(AbstractPipeline.java:560) ~[?:?]
	at java.base/java.util.stream.ForEachOps$ForEachOp.evaluateSequential(ForEachOps.java:153) ~[?:?]
	at java.base/java.util.stream.ForEachOps$ForEachOp$OfRef.evaluateSequential(ForEachOps.java:176) ~[?:?]
	at java.base/java.util.stream.AbstractPipeline.evaluate(AbstractPipeline.java:265) ~[?:?]
	at java.base/java.util.stream.ReferencePipeline.forEach(ReferencePipeline.java:636) ~[?:?]
	at veinminer-enchant-2.2.2.jar/de.miraculixx.veinminerEnchant.paper.VeinminerEnchantmentLoader.classloader(VeinminerEnchantmentLoader.java:27) ~[veinminer-enchant-2.2.2.jar:?]
	at io.papermc.paper.plugin.provider.type.paper.PaperPluginProviderFactory.build(PaperPluginProviderFactory.java:38) ~[paper-1.21.8.jar:1.21.8-14-9ccc51d]
	at io.papermc.paper.plugin.provider.type.paper.PaperPluginProviderFactory.build(PaperPluginProviderFactory.java:23) ~[paper-1.21.8.jar:1.21.8-14-9ccc51d]
	at io.papermc.paper.plugin.provider.type.PluginFileType.register(PluginFileType.java:72) ~[paper-1.21.8.jar:1.21.8-14-9ccc51d]
	at io.papermc.paper.plugin.provider.source.FileProviderSource.registerProviders(FileProviderSource.java:95) ~[paper-1.21.8.jar:1.21.8-14-9ccc51d]
	at io.papermc.paper.plugin.provider.source.DirectoryProviderSource.registerProviders(DirectoryProviderSource.java:52) ~[paper-1.21.8.jar:1.21.8-14-9ccc51d]
	at io.papermc.paper.plugin.provider.source.DirectoryProviderSource.registerProviders(DirectoryProviderSource.java:17) ~[paper-1.21.8.jar:1.21.8-14-9ccc51d]
	at io.papermc.paper.plugin.util.EntrypointUtil.registerProvidersFromSource(EntrypointUtil.java:15) ~[paper-1.21.8.jar:1.21.8-14-9ccc51d]
	at io.papermc.paper.plugin.PluginInitializerManager.load(PluginInitializerManager.java:113) ~[paper-1.21.8.jar:1.21.8-14-9ccc51d]
	at net.minecraft.server.Main.main(Main.java:112) ~[paper-1.21.8.jar:1.21.8-14-9ccc51d]
	at io.papermc.paper.PaperBootstrap.boot(PaperBootstrap.java:21) ~[paper-1.21.8.jar:1.21.8-14-9ccc51d]
	at org.bukkit.craftbukkit.Main.main(Main.java:242) ~[paper-1.21.8.jar:1.21.8-14-9ccc51d]
	at io.papermc.paperclip.Paperclip.lambda$main$0(Paperclip.java:42) ~[app:?]
	at java.base/java.lang.Thread.run(Thread.java:1447) ~[?:?]
[16:12:18] [ServerMain/WARN]: [MavenLibraryResolver] Use of Maven Central as a CDN is against the Maven Central Terms of Service. Use MavenLibraryResolver.MAVEN_CENTRAL_DEFAULT_MIRROR instead.
java.lang.RuntimeException: Plugin used Maven Central for library resolution
	at io.papermc.paper.plugin.loader.library.impl.MavenLibraryResolver.addRepository(MavenLibraryResolver.java:124) ~[paper-api-1.21.8-R0.1-SNAPSHOT.jar:?]
	at java.base/java.util.stream.ForEachOps$ForEachOp$OfRef.accept(ForEachOps.java:186) ~[?:?]
	at java.base/java.util.stream.ReferencePipeline$3$1.accept(ReferencePipeline.java:215) ~[?:?]
	at java.base/java.util.Iterator.forEachRemaining(Iterator.java:133) ~[?:?]
	at java.base/java.util.Spliterators$IteratorSpliterator.forEachRemaining(Spliterators.java:1939) ~[?:?]
	at java.base/java.util.stream.AbstractPipeline.copyInto(AbstractPipeline.java:570) ~[?:?]
	at java.base/java.util.stream.AbstractPipeline.wrapAndCopyInto(AbstractPipeline.java:560) ~[?:?]
	at java.base/java.util.stream.ForEachOps$ForEachOp.evaluateSequential(ForEachOps.java:153) ~[?:?]
	at java.base/java.util.stream.ForEachOps$ForEachOp$OfRef.evaluateSequential(ForEachOps.java:176) ~[?:?]
	at java.base/java.util.stream.AbstractPipeline.evaluate(AbstractPipeline.java:265) ~[?:?]
	at java.base/java.util.stream.ReferencePipeline.forEach(ReferencePipeline.java:636) ~[?:?]
	at veinminer-enchant-2.2.2.jar/de.miraculixx.veinminerEnchant.paper.VeinminerEnchantmentLoader.classloader(VeinminerEnchantmentLoader.java:27) ~[veinminer-enchant-2.2.2.jar:?]
	at io.papermc.paper.plugin.provider.type.paper.PaperPluginProviderFactory.build(PaperPluginProviderFactory.java:38) ~[paper-1.21.8.jar:1.21.8-14-9ccc51d]
	at io.papermc.paper.plugin.provider.type.paper.PaperPluginProviderFactory.build(PaperPluginProviderFactory.java:23) ~[paper-1.21.8.jar:1.21.8-14-9ccc51d]
	at io.papermc.paper.plugin.provider.type.PluginFileType.register(PluginFileType.java:72) ~[paper-1.21.8.jar:1.21.8-14-9ccc51d]
	at io.papermc.paper.plugin.provider.source.FileProviderSource.registerProviders(FileProviderSource.java:95) ~[paper-1.21.8.jar:1.21.8-14-9ccc51d]
	at io.papermc.paper.plugin.provider.source.DirectoryProviderSource.registerProviders(DirectoryProviderSource.java:52) ~[paper-1.21.8.jar:1.21.8-14-9ccc51d]
	at io.papermc.paper.plugin.provider.source.DirectoryProviderSource.registerProviders(DirectoryProviderSource.java:17) ~[paper-1.21.8.jar:1.21.8-14-9ccc51d]
	at io.papermc.paper.plugin.util.EntrypointUtil.registerProvidersFromSource(EntrypointUtil.java:15) ~[paper-1.21.8.jar:1.21.8-14-9ccc51d]
	at io.papermc.paper.plugin.PluginInitializerManager.load(PluginInitializerManager.java:113) ~[paper-1.21.8.jar:1.21.8-14-9ccc51d]
	at net.minecraft.server.Main.main(Main.java:112) ~[paper-1.21.8.jar:1.21.8-14-9ccc51d]
	at io.papermc.paper.PaperBootstrap.boot(PaperBootstrap.java:21) ~[paper-1.21.8.jar:1.21.8-14-9ccc51d]
	at org.bukkit.craftbukkit.Main.main(Main.java:242) ~[paper-1.21.8.jar:1.21.8-14-9ccc51d]
	at io.papermc.paperclip.Paperclip.lambda$main$0(Paperclip.java:42) ~[app:?]
	at java.base/java.lang.Thread.run(Thread.java:1447) ~[?:?]
[16:12:18] [ServerMain/INFO]: [PluginInitializerManager] Initialized 2 plugins
[16:12:18] [ServerMain/INFO]: [PluginInitializerManager] Paper plugins (2):
 - Veinminer (2.4.8), Veinminer-Enchantment (2.2.2)
[16:12:30] [ServerMain/WARN]: You specified a resource pack without providing a sha1 hash. Pack will be updated on the client only if you change the name of the pack.
[16:12:30] [ServerMain/WARN]: Failed to parse resource pack prompt '§cSimple vanilla resource pack'
com.google.gson.JsonSyntaxException: com.google.gson.stream.MalformedJsonException: Use JsonReader.setStrictness(Strictness.LENIENT) to accept malformed JSON at line 1 column 1 path $
See https://github.com/google/gson/blob/main/Troubleshooting.md#malformed-json
	at com.google.gson.internal.Streams.parse(Streams.java:58) ~[gson-2.11.0.jar:?]
	at com.google.gson.JsonParser.parseReader(JsonParser.java:146) ~[gson-2.11.0.jar:?]
	at net.minecraft.util.StrictJsonParser.parse(StrictJsonParser.java:20) ~[paper-1.21.8.jar:1.21.8-14-9ccc51d]
	at net.minecraft.util.StrictJsonParser.parse(StrictJsonParser.java:34) ~[paper-1.21.8.jar:1.21.8-14-9ccc51d]
	at net.minecraft.server.dedicated.DedicatedServerProperties.parseResourcePackPrompt(DedicatedServerProperties.java:156) ~[paper-1.21.8.jar:1.21.8-14-9ccc51d]
	at net.minecraft.server.dedicated.DedicatedServerProperties.getServerPackInfo(DedicatedServerProperties.java:196) ~[paper-1.21.8.jar:1.21.8-14-9ccc51d]
	at net.minecraft.server.dedicated.DedicatedServerProperties.<init>(DedicatedServerProperties.java:123) ~[paper-1.21.8.jar:1.21.8-14-9ccc51d]
	at net.minecraft.server.dedicated.DedicatedServerProperties.fromFile(DedicatedServerProperties.java:143) ~[paper-1.21.8.jar:1.21.8-14-9ccc51d]
	at net.minecraft.server.dedicated.DedicatedServerSettings.<init>(DedicatedServerSettings.java:13) ~[paper-1.21.8.jar:1.21.8-14-9ccc51d]
	at net.minecraft.server.Main.main(Main.java:117) ~[paper-1.21.8.jar:1.21.8-14-9ccc51d]
	at io.papermc.paper.PaperBootstrap.boot(PaperBootstrap.java:21) ~[paper-1.21.8.jar:1.21.8-14-9ccc51d]
	at org.bukkit.craftbukkit.Main.main(Main.java:242) ~[paper-1.21.8.jar:1.21.8-14-9ccc51d]
	at io.papermc.paperclip.Paperclip.lambda$main$0(Paperclip.java:42) ~[app:?]
	at java.base/java.lang.Thread.run(Thread.java:1447) ~[?:?]
Caused by: com.google.gson.stream.MalformedJsonException: Use JsonReader.setStrictness(Strictness.LENIENT) to accept malformed JSON at line 1 column 1 path $
See https://github.com/google/gson/blob/main/Troubleshooting.md#malformed-json
	at com.google.gson.stream.JsonReader.syntaxError(JsonReader.java:1754) ~[gson-2.11.0.jar:?]
	at com.google.gson.stream.JsonReader.checkLenient(JsonReader.java:1550) ~[gson-2.11.0.jar:?]
	at com.google.gson.stream.JsonReader.doPeek(JsonReader.java:676) ~[gson-2.11.0.jar:?]
	at com.google.gson.stream.JsonReader.peek(JsonReader.java:507) ~[gson-2.11.0.jar:?]
	at com.google.gson.internal.Streams.parse(Streams.java:44) ~[gson-2.11.0.jar:?]
	... 13 more
[16:12:30] [ServerMain/WARN]: resource-pack-id missing, using default of d26e196f-7a3a-3839-b8b9-2d3e33f544ac
[16:12:31] [ServerMain/INFO]: Environment: Environment[sessionHost=https://sessionserver.mojang.com, servicesHost=https://api.minecraftservices.com, name=PROD]
[16:12:37] [ServerMain/INFO]: Loaded 1407 recipes
[16:12:37] [ServerMain/INFO]: Loaded 2664 advancements
[16:12:37] [ServerMain/INFO]: [ca.spottedleaf.dataconverter.minecraft.datatypes.MCTypeRegistry] Initialising converters for DataConverter...
[16:12:38] [ServerMain/INFO]: [ca.spottedleaf.dataconverter.minecraft.datatypes.MCTypeRegistry] Finished initialising converters for DataConverter in 683,7ms
[16:12:38] [Server thread/INFO]: Starting minecraft server version 1.21.8
[16:12:38] [Server thread/INFO]: Loading properties
[16:12:38] [Server thread/INFO]: This server is running Paper version 1.21.8-14-main@9ccc51d (2025-07-26T20:00:09Z) (Implementing API version 1.21.8-R0.1-SNAPSHOT)
[16:12:38] [Server thread/INFO]: [spark] This server bundles the spark profiler. For more information please visit https://docs.papermc.io/paper/profiling
[16:12:38] [Server thread/INFO]: Using 4 threads for Netty based IO
[16:12:38] [Server thread/INFO]: Server Ping Player Sample Count: 12
[16:12:39] [Server thread/INFO]: [MoonriseCommon] Paper is using 5 worker threads, 1 I/O threads
[16:12:39] [Server thread/INFO]: [ChunkTaskScheduler] Chunk system is using population gen parallelism: true
[16:12:39] [Server thread/INFO]: Default game type: SURVIVAL
[16:12:39] [Server thread/INFO]: Generating keypair
[16:12:39] [Server thread/INFO]: Starting Minecraft server on *:25565
[16:12:39] [Server thread/INFO]: Using default channel type
[16:12:39] [Server thread/INFO]: Paper: Using Java compression from Velocity.
[16:12:39] [Server thread/INFO]: Paper: Using Java cipher from Velocity.
[16:12:39] [Server thread/INFO]: [Veinminer] Loading server plugin Veinminer v2.4.8
[16:12:39] [Server thread/INFO]: [Veinminer] Detected platform: Paper
[16:12:40] [Server thread/INFO]: [Veinminer-Enchantment] Loading server plugin Veinminer-Enchantment v2.2.2
[16:12:40] [Server thread/INFO]: Server permissions file permissions.yml is empty, ignoring it
[16:12:40] [Server thread/INFO]: [Veinminer] Enabling Veinminer v2.4.8
[16:12:40] [Server thread/INFO]: [Veinminer-Enchantment] Enabling Veinminer-Enchantment v2.2.2
[16:12:40] [Server thread/WARN]: **** SERVER IS RUNNING IN OFFLINE/INSECURE MODE!
[16:12:40] [Server thread/WARN]: The server will make no attempt to authenticate usernames. Beware.
[16:12:40] [Server thread/WARN]: While this makes the game possible to play without internet access, it also opens up the ability for hackers to connect with any username they choose.
[16:12:40] [Server thread/WARN]: To change this, set "online-mode" to "true" in the server.properties file.
[16:12:40] [Server thread/INFO]: Preparing level "world"
[16:12:40] [DefaultDispatcher-worker-1/INFO]: [VeinminerUpdater] veinminer is up to date
[16:12:41] [DefaultDispatcher-worker-1/INFO]: [VeinminerUpdater] veinminer-enchantment is up to date
[16:12:41] [Server thread/INFO]: Preparing start region for dimension minecraft:overworld
[16:12:41] [Server thread/INFO]: Preparing spawn area: 0%
[16:12:42] [Server thread/INFO]: Preparing spawn area: 2%
[16:12:42] [Server thread/INFO]: Preparing spawn area: 2%
[16:12:42] [Server thread/INFO]: Preparing spawn area: 2%
[16:12:43] [Server thread/INFO]: Time elapsed: 1756 ms
[16:12:43] [Server thread/INFO]: Preparing start region for dimension minecraft:the_nether
[16:12:43] [Server thread/INFO]: Preparing spawn area: 0%
[16:12:43] [Server thread/INFO]: Time elapsed: 96 ms
[16:12:43] [Server thread/INFO]: Preparing start region for dimension minecraft:the_end
[16:12:43] [Server thread/INFO]: Preparing spawn area: 0%
[16:12:43] [Server thread/INFO]: Time elapsed: 90 ms
[16:12:43] [Server thread/INFO]: [spark] Starting background profiler...
[16:12:43] [Server thread/INFO]: [spark] The async-profiler engine is not supported for your os/arch (windows11/amd64), so the built-in Java engine will be used instead.
[16:12:43] [Server thread/INFO]: Done preparing level "world" (2.793s)
[16:12:43] [Server thread/INFO]: Running delayed init tasks
[16:12:43] [Server thread/INFO]: Done (27.592s)! For help, type "help"
[16:12:46] [User Authenticator #0/INFO]: UUID of player antl_lcon is 6272d172-b7ab-3742-a9a7-b64f319ac076
[16:13:03] [Server thread/INFO]: antl_lcon joined the game
[16:13:03] [Server thread/INFO]: antl_lcon[/127.0.0.1:55241] logged in with entity id 128 at ([world]223.65640879694632, 64.0, 220.6337495250225)
[16:13:17] [Server thread/INFO]: antl_lcon lost connection: Disconnected
[16:13:17] [Server thread/INFO]: antl_lcon left the game
[16:13:24] [Server thread/INFO]: Stopping server
[16:13:24] [Server thread/INFO]: [Veinminer-Enchantment] Disabling Veinminer-Enchantment v2.2.2
[16:13:24] [Server thread/INFO]: [Veinminer] Disabling Veinminer v2.4.8
[16:13:24] [Server thread/INFO]: Saving players
[16:13:24] [Server thread/INFO]: Saving worlds
[16:13:24] [Server thread/INFO]: Saving chunks for level 'ServerLevel[world]'/minecraft:overworld
[16:13:24] [Server thread/INFO]: [ChunkHolderManager] Waiting 60s for chunk system to halt for world 'world'
[16:13:24] [Server thread/INFO]: [ChunkHolderManager] Halted chunk system for world 'world'
[16:13:24] [Server thread/INFO]: [ChunkHolderManager] Saving all chunkholders for world 'world'
[16:13:25] [Server thread/INFO]: [ChunkHolderManager] Saved 1369 block chunks, 1369 entity chunks, 0 poi chunks in world 'world' in 1,33s
[16:13:25] [Server thread/INFO]: [ChunkHolderManager] Waiting 60s for chunk I/O to halt for world 'world'
[16:13:25] [Server thread/INFO]: [ChunkHolderManager] Halted I/O scheduler for world 'world'
[16:13:25] [Server thread/INFO]: Saving chunks for level 'ServerLevel[world_nether]'/minecraft:the_nether
[16:13:25] [Server thread/INFO]: [ChunkHolderManager] Waiting 60s for chunk system to halt for world 'world_nether'
[16:13:25] [Server thread/INFO]: [ChunkHolderManager] Halted chunk system for world 'world_nether'
[16:13:25] [Server thread/INFO]: [ChunkHolderManager] Saving all chunkholders for world 'world_nether'
[16:13:25] [Server thread/INFO]: [ChunkHolderManager] Saved 49 block chunks, 49 entity chunks, 0 poi chunks in world 'world_nether' in 0,02s
[16:13:25] [Server thread/INFO]: [ChunkHolderManager] Waiting 60s for chunk I/O to halt for world 'world_nether'
[16:13:25] [Server thread/INFO]: [ChunkHolderManager] Halted I/O scheduler for world 'world_nether'
[16:13:25] [Server thread/INFO]: Saving chunks for level 'ServerLevel[world_the_end]'/minecraft:the_end
[16:13:25] [Server thread/INFO]: [ChunkHolderManager] Waiting 60s for chunk system to halt for world 'world_the_end'
[16:13:25] [Server thread/INFO]: [ChunkHolderManager] Halted chunk system for world 'world_the_end'
[16:13:25] [Server thread/INFO]: [ChunkHolderManager] Saving all chunkholders for world 'world_the_end'
[16:13:25] [Server thread/INFO]: [ChunkHolderManager] Saved 49 block chunks, 49 entity chunks, 0 poi chunks in world 'world_the_end' in 0,01s
[16:13:25] [Server thread/INFO]: [ChunkHolderManager] Waiting 60s for chunk I/O to halt for world 'world_the_end'
[16:13:25] [Server thread/INFO]: [ChunkHolderManager] Halted I/O scheduler for world 'world_the_end'
[16:13:25] [Server thread/INFO]: ThreadedAnvilChunkStorage (world): All chunks are saved
[16:13:25] [Server thread/INFO]: ThreadedAnvilChunkStorage (DIM-1): All chunks are saved
[16:13:25] [Server thread/INFO]: ThreadedAnvilChunkStorage (DIM1): All chunks are saved
[16:13:25] [Server thread/INFO]: ThreadedAnvilChunkStorage: All dimensions are saved
[16:13:25] [Server thread/INFO]: Waiting for all RegionFile I/O tasks to complete...
[16:13:25] [Server thread/INFO]: All RegionFile I/O tasks to complete
[16:13:25] [Server thread/INFO]: [MoonriseCommon] Awaiting termination of worker pool for up to 60s...
[16:13:25] [Server thread/INFO]: [MoonriseCommon] Awaiting termination of I/O pool for up to 60s...
